{"/Users/abdul/Desktop/backend/shopping-cart-server/config/config.js": {"path":"/Users/abdul/Desktop/backend/shopping-cart-server/config/config.js","statementMap":{"0":{"start":{"line":1,"column":0},"end":{"line":1,"column":27}},"1":{"start":{"line":3,"column":15},"end":{"line":24,"column":1}},"2":{"start":{"line":26,"column":0},"end":{"line":26,"column":24}}},"fnMap":{},"branchMap":{},"s":{"0":2,"1":2,"2":2},"f":{},"b":{},"inputSourceMap":null,"_coverageSchema":"1a1c01bbd47fc00a2c39e90264f33305004495a9","hash":"abc3f8db34726e633f7b59a14bbcea5ef20b0f92"}
,"/Users/abdul/Desktop/backend/shopping-cart-server/databases/database.ts": {"path":"/Users/abdul/Desktop/backend/shopping-cart-server/databases/database.ts","statementMap":{"0":{"start":{"line":1,"column":0},"end":{"line":1,"column":38}},"1":{"start":{"line":2,"column":13},"end":{"line":2,"column":50}},"2":{"start":{"line":4,"column":21},"end":{"line":4,"column":69}},"3":{"start":{"line":6,"column":56},"end":{"line":6,"column":62}},"4":{"start":{"line":7,"column":13},"end":{"line":16,"column":2}}},"fnMap":{},"branchMap":{"0":{"loc":{"start":{"line":2,"column":13},"end":{"line":2,"column":50}},"type":"binary-expr","locations":[{"start":{"line":2,"column":13},"end":{"line":2,"column":33}},{"start":{"line":2,"column":37},"end":{"line":2,"column":50}}]}},"s":{"0":2,"1":2,"2":2,"3":2,"4":2},"f":{},"b":{"0":[2,0]}}
,"/Users/abdul/Desktop/backend/shopping-cart-server/models/user/user.model.ts": {"path":"/Users/abdul/Desktop/backend/shopping-cart-server/models/user/user.model.ts","statementMap":{"0":{"start":{"line":1,"column":0},"end":{"line":1,"column":45}},"1":{"start":{"line":2,"column":0},"end":{"line":2,"column":53}},"2":{"start":{"line":3,"column":0},"end":{"line":3,"column":33}},"3":{"start":{"line":7,"column":0},"end":{"line":7,"column":13}},"4":{"start":{"line":9,"column":0},"end":{"line":29,"column":3}},"5":{"start":{"line":20,"column":12},"end":{"line":20,"column":70}}},"fnMap":{"0":{"name":"(anonymous_6)","decl":{"start":{"line":19,"column":8},"end":{"line":19,"column":11}},"loc":{"start":{"line":19,"column":25},"end":{"line":21,"column":9}}}},"branchMap":{},"s":{"0":2,"1":2,"2":2,"3":2,"4":2,"5":3},"f":{"0":3},"b":{}}
,"/Users/abdul/Desktop/backend/shopping-cart-server/repositories/user-respository/userRepository.ts": {"path":"/Users/abdul/Desktop/backend/shopping-cart-server/repositories/user-respository/userRepository.ts","statementMap":{"0":{"start":{"line":1,"column":0},"end":{"line":1,"column":52}},"1":{"start":{"line":5,"column":8},"end":{"line":5,"column":39}},"2":{"start":{"line":9,"column":8},"end":{"line":9,"column":63}},"3":{"start":{"line":13,"column":8},"end":{"line":13,"column":39}},"4":{"start":{"line":17,"column":46},"end":{"line":20,"column":10}},"5":{"start":{"line":22,"column":8},"end":{"line":22,"column":45}},"6":{"start":{"line":26,"column":8},"end":{"line":28,"column":11}},"7":{"start":{"line":3,"column":0},"end":{"line":3,"column":13}}},"fnMap":{"0":{"name":"(anonymous_7)","decl":{"start":{"line":4,"column":17},"end":{"line":4,"column":23}},"loc":{"start":{"line":4,"column":33},"end":{"line":6,"column":null}}},"1":{"name":"(anonymous_9)","decl":{"start":{"line":8,"column":17},"end":{"line":8,"column":28}},"loc":{"start":{"line":8,"column":42},"end":{"line":10,"column":null}}},"2":{"name":"(anonymous_11)","decl":{"start":{"line":12,"column":17},"end":{"line":12,"column":25}},"loc":{"start":{"line":12,"column":36},"end":{"line":14,"column":null}}},"3":{"name":"(anonymous_13)","decl":{"start":{"line":16,"column":17},"end":{"line":16,"column":23}},"loc":{"start":{"line":16,"column":46},"end":{"line":23,"column":null}}},"4":{"name":"(anonymous_15)","decl":{"start":{"line":25,"column":17},"end":{"line":25,"column":23}},"loc":{"start":{"line":25,"column":34},"end":{"line":29,"column":null}}}},"branchMap":{},"s":{"0":1,"1":1,"2":0,"3":0,"4":0,"5":0,"6":0,"7":1},"f":{"0":1,"1":0,"2":0,"3":0,"4":0},"b":{}}
}
