TN:
SF:config/config.js
FNF:0
FNH:0
DA:1,2
DA:3,2
DA:26,2
LF:3
LH:3
BRF:0
BRH:0
end_of_record
TN:
SF:databases/database.ts
FNF:0
FNH:0
DA:1,2
DA:2,2
DA:4,2
DA:6,2
DA:7,2
LF:5
LH:5
BRDA:2,0,0,2
BRDA:2,0,1,0
BRF:2
BRH:1
end_of_record
TN:
SF:models/user/user.model.ts
FN:19,(anonymous_6)
FNF:1
FNH:1
FNDA:3,(anonymous_6)
DA:1,2
DA:2,2
DA:3,2
DA:7,2
DA:9,2
DA:20,3
LF:6
LH:6
BRF:0
BRH:0
end_of_record
TN:
SF:repositories/user-respository/userRepository.ts
FN:4,(anonymous_7)
FN:8,(anonymous_9)
FN:12,(anonymous_11)
FN:16,(anonymous_13)
FN:25,(anonymous_15)
FNF:5
FNH:1
FNDA:1,(anonymous_7)
FNDA:0,(anonymous_9)
FNDA:0,(anonymous_11)
FNDA:0,(anonymous_13)
FNDA:0,(anonymous_15)
DA:1,1
DA:3,1
DA:5,1
DA:9,0
DA:13,0
DA:17,0
DA:22,0
DA:26,0
LF:8
LH:3
BRF:0
BRH:0
end_of_record
